<?xml version="1.0" encoding="UTF-8"?>
<testsuite name="com.personal.cameraalarm.AlarmRuntimeOwnershipTest" tests="4" skipped="0" failures="0" errors="0" timestamp="2026-09-22T07:50:42" hostname="ACERNITRO5-NTNG" time="0.002">
  <properties/>
  <testcase name="queuedOldStopCannotDestroyServiceBeforeNewOwnerStartsAudio" classname="com.personal.cameraalarm.AlarmRuntimeOwnershipTest" time="0.001"/>
  <testcase name="pendingAndRingingProductionBlockTestAlarm" classname="com.personal.cameraalarm.AlarmRuntimeOwnershipTest" time="0.0"/>
  <testcase name="stopAlwaysPrefersRingingProductionToken" classname="com.personal.cameraalarm.AlarmRuntimeOwnershipTest" time="0.0"/>
  <testcase name="productionReplacesTestButTestNeverReplacesProduction" classname="com.personal.cameraalarm.AlarmRuntimeOwnershipTest" time="0.001"/>
  <system-out><![CDATA[]]></system-out>
  <system-err><![CDATA[]]></system-err>
</testsuite>
