<?xml version="1.0" encoding="UTF-8"?>
<testsuite name="com.personal.cameraalarm.XiaomiReliabilityAdvisorTest" tests="4" skipped="0" failures="0" errors="0" timestamp="2026-09-22T07:50:42" hostname="ACERNITRO5-NTNG" time="0.001">
  <properties/>
  <testcase name="detectsXiaomiFamilyCorrectly" classname="com.personal.cameraalarm.XiaomiReliabilityAdvisorTest" time="0.0"/>
  <testcase name="xiaomiReportsXiaomiAdvisorName" classname="com.personal.cameraalarm.XiaomiReliabilityAdvisorTest" time="0.0"/>
  <testcase name="nonXiaomiDevicesAreNotApplicable" classname="com.personal.cameraalarm.XiaomiReliabilityAdvisorTest" time="0.0"/>
  <testcase name="nonXiaomiReportsGenericAdvisorName" classname="com.personal.cameraalarm.XiaomiReliabilityAdvisorTest" time="0.001"/>
  <system-out><![CDATA[]]></system-out>
  <system-err><![CDATA[]]></system-err>
</testsuite>
