<?xml version="1.0" encoding="UTF-8"?>
<testsuite name="com.personal.fakecamera.FakeNotificationPayloadTest" tests="5" skipped="0" failures="0" errors="0" timestamp="2026-09-22T02:22:27" hostname="ACERNITRO5-NTNG" time="0.011">
  <properties/>
  <testcase name="testHumanDetectedPayload" classname="com.personal.fakecamera.FakeNotificationPayloadTest" time="0.004"/>
  <testcase name="testCameraOfflinePayload" classname="com.personal.fakecamera.FakeNotificationPayloadTest" time="0.001"/>
  <testcase name="testNotificationIdGeneration" classname="com.personal.fakecamera.FakeNotificationPayloadTest" time="0.002"/>
  <testcase name="testMotionDetectedPayload" classname="com.personal.fakecamera.FakeNotificationPayloadTest" time="0.0"/>
  <testcase name="testCustomPayload" classname="com.personal.fakecamera.FakeNotificationPayloadTest" time="0.001"/>
  <system-out><![CDATA[]]></system-out>
  <system-err><![CDATA[]]></system-err>
</testsuite>
