<?xml version="1.0" encoding="UTF-8"?>
<testsuite name="com.personal.cameraalarm.SourcePickerTest" tests="2" skipped="0" failures="0" errors="0" timestamp="2026-09-22T02:22:54" hostname="ACERNITRO5-NTNG" time="0.001">
  <properties/>
  <testcase name="packageValidationRejectsBlank" classname="com.personal.cameraalarm.SourcePickerTest" time="0.001"/>
  <testcase name="searchFilteringMatchesLabelOrPackage" classname="com.personal.cameraalarm.SourcePickerTest" time="0.0"/>
  <system-out><![CDATA[]]></system-out>
  <system-err><![CDATA[]]></system-err>
</testsuite>
