<?xml version="1.0" encoding="UTF-8"?>
<testsuite name="com.personal.cameraalarm.AlarmRecoveryTest" tests="14" skipped="0" failures="0" errors="0" timestamp="2026-09-22T02:22:53" hostname="ACERNITRO5-NTNG" time="0.077">
  <properties/>
  <testcase name="bootAndReceiverWaitForTriggerTransactionAndDoNotEraseNewState" classname="com.personal.cameraalarm.AlarmRecoveryTest" time="0.013"/>
  <testcase name="crashAfterPersistBeforeScheduleRearmsOnHydrateAndRepeatedBootDoesNotResetIt" classname="com.personal.cameraalarm.AlarmRecoveryTest" time="0.002"/>
  <testcase name="lateDeliveryWithinGraceWinsOnce" classname="com.personal.cameraalarm.AlarmRecoveryTest" time="0.002"/>
  <testcase name="autonomousWatchdogRetriesOnceThenReleasesWithoutAnotherNotification" classname="com.personal.cameraalarm.AlarmRecoveryTest" time="0.02"/>
  <testcase name="receiverDispatchFailureReleasesOwnership" classname="com.personal.cameraalarm.AlarmRecoveryTest" time="0.005"/>
  <testcase name="everyFailureRetainsItsOwnerAfterRetirement" classname="com.personal.cameraalarm.AlarmRecoveryTest" time="0.005"/>
  <testcase name="zeroDelayStillAllowsPlatformMinimumFuturityBeforeRecovery" classname="com.personal.cameraalarm.AlarmRecoveryTest" time="0.005"/>
  <testcase name="monotonicDeadlineDoesNotExtendWhenWallClockMovesBack" classname="com.personal.cameraalarm.AlarmRecoveryTest" time="0.003"/>
  <testcase name="missingWatchdogAndScheduleFailureNeverLeavePending" classname="com.personal.cameraalarm.AlarmRecoveryTest" time="0.001"/>
  <testcase name="stopBetweenReceiverAndServicePreventsAudioAndPreservesNewToken" classname="com.personal.cameraalarm.AlarmRecoveryTest" time="0.002"/>
  <testcase name="recoveryBudgetSurvivesProcessRestart" classname="com.personal.cameraalarm.AlarmRecoveryTest" time="0.003"/>
  <testcase name="duplicateRecoveryAndOldStopCannotRetireReplacement" classname="com.personal.cameraalarm.AlarmRecoveryTest" time="0.004"/>
  <testcase name="burstKeepsDeadlineAndSingleDelivery" classname="com.personal.cameraalarm.AlarmRecoveryTest" time="0.009"/>
  <testcase name="revokeRegrantCannotResurrectRetiredToken" classname="com.personal.cameraalarm.AlarmRecoveryTest" time="0.002"/>
  <system-out><![CDATA[]]></system-out>
  <system-err><![CDATA[]]></system-err>
</testsuite>
