<?xml version="1.0" encoding="UTF-8"?>
<testsuite name="com.personal.cameraalarm.PersistenceTest" tests="4" skipped="0" failures="0" errors="0" timestamp="2026-09-22T07:50:40" hostname="ACERNITRO5-NTNG" time="0.003">
  <properties/>
  <testcase name="triggerRuleEntityHandlesInvalidJsonGracefully" classname="com.personal.cameraalarm.PersistenceTest" time="0.002"/>
  <testcase name="defaultAppSettingsMatchesSpecification" classname="com.personal.cameraalarm.PersistenceTest" time="0.0"/>
  <testcase name="alertEventEntityCreationAndSanitization" classname="com.personal.cameraalarm.PersistenceTest" time="0.0"/>
  <testcase name="triggerRuleEntityMappingRoundtrip" classname="com.personal.cameraalarm.PersistenceTest" time="0.001"/>
  <system-out><![CDATA[]]></system-out>
  <system-err><![CDATA[]]></system-err>
</testsuite>
