<?xml version="1.0" encoding="UTF-8"?>
<testsuite name="com.personal.cameraalarm.AlarmVolumeStatusTest" tests="2" skipped="0" failures="0" errors="0" timestamp="2026-09-22T07:50:40" hostname="ACERNITRO5-NTNG" time="0.001">
  <properties/>
  <testcase name="emulatorMinimumOneIsReportedWithoutFakingZero" classname="com.personal.cameraalarm.AlarmVolumeStatusTest" time="0.0"/>
  <testcase name="zeroIsWarnedWhenDeviceAllowsIt" classname="com.personal.cameraalarm.AlarmVolumeStatusTest" time="0.0"/>
  <system-out><![CDATA[]]></system-out>
  <system-err><![CDATA[]]></system-err>
</testsuite>
