<?xml version="1.0" encoding="UTF-8"?>
<testsuite name="com.personal.cameraalarm.HistoryRepositoryTest" tests="6" skipped="0" failures="0" errors="0" timestamp="2026-09-22T07:50:40" hostname="ACERNITRO5-NTNG" time="0.023">
  <properties/>
  <testcase name="legacyUnrelatedNotificationRowsAreRemovedWithoutDeletingSelectedHistory" classname="com.personal.cameraalarm.HistoryRepositoryTest" time="0.007"/>
  <testcase name="retentionEnforcesMaximum100Entries" classname="com.personal.cameraalarm.HistoryRepositoryTest" time="0.009"/>
  <testcase name="suppressedEventsAreLimitedTo10Newest" classname="com.personal.cameraalarm.HistoryRepositoryTest" time="0.004"/>
  <testcase name="recordEventInsertsAndReturnsId" classname="com.personal.cameraalarm.HistoryRepositoryTest" time="0.001"/>
  <testcase name="retentionAutomaticallyPrunesOlderThan3Days" classname="com.personal.cameraalarm.HistoryRepositoryTest" time="0.0"/>
  <testcase name="paginationCorrectlyOffsetsPages" classname="com.personal.cameraalarm.HistoryRepositoryTest" time="0.001"/>
  <system-out><![CDATA[]]></system-out>
  <system-err><![CDATA[]]></system-err>
</testsuite>
