<?xml version="1.0" encoding="UTF-8"?>
<testsuite name="com.personal.cameraalarm.MainViewModelTest" tests="2" skipped="0" failures="0" errors="0" timestamp="2026-09-22T07:50:40" hostname="ACERNITRO5-NTNG" time="0.001">
  <properties/>
  <testcase name="effectiveStatusComputations" classname="com.personal.cameraalarm.MainViewModelTest" time="0.001"/>
  <testcase name="readinessStateDerivedStatuses" classname="com.personal.cameraalarm.MainViewModelTest" time="0.0"/>
  <system-out><![CDATA[]]></system-out>
  <system-err><![CDATA[]]></system-err>
</testsuite>
