<?xml version="1.0" encoding="UTF-8"?>
<testsuite name="com.personal.cameraalarm.ReadinessStateTest" tests="2" skipped="0" failures="0" errors="0" timestamp="2026-09-22T07:50:40" hostname="ACERNITRO5-NTNG" time="0.0">
  <properties/>
  <testcase name="transientAndDegradedStatesStayDistinct" classname="com.personal.cameraalarm.ReadinessStateTest" time="0.0"/>
  <testcase name="blockingPermissionsAndConfigurationAreRequired" classname="com.personal.cameraalarm.ReadinessStateTest" time="0.0"/>
  <system-out><![CDATA[]]></system-out>
  <system-err><![CDATA[]]></system-err>
</testsuite>
