<?xml version="1.0" encoding="UTF-8"?>
<testsuite name="com.personal.cameraalarm.AlarmRuntimeControllerTest" tests="4" skipped="0" failures="0" errors="0" timestamp="2026-09-22T07:50:40" hostname="ACERNITRO5-NTNG" time="0.004">
  <properties/>
  <testcase name="testAlarmStopIsRoutedWithoutCoordinatorState" classname="com.personal.cameraalarm.AlarmRuntimeControllerTest" time="0.001"/>
  <testcase name="independentAudioAndVibrationFailures" classname="com.personal.cameraalarm.AlarmRuntimeControllerTest" time="0.002"/>
  <testcase name="repeatedAndDifferentStartNeverDoubleStarts" classname="com.personal.cameraalarm.AlarmRuntimeControllerTest" time="0.0"/>
  <testcase name="repeatedStopCleansOnlyOnceAndStaleStopIgnored" classname="com.personal.cameraalarm.AlarmRuntimeControllerTest" time="0.0"/>
  <system-out><![CDATA[]]></system-out>
  <system-err><![CDATA[]]></system-err>
</testsuite>
